<?xml version="1.0" encoding="UTF-8"?>
<coverage generated="1497882211446" clover="3.2.0">
  <project timestamp="1497882211446" name="All files">
    <metrics statements="24" coveredstatements="7" conditionals="18" coveredconditionals="4" methods="5" coveredmethods="2" elements="47" coveredelements="13" complexity="0" loc="24" ncloc="24" packages="1" files="1" classes="1">
      <file name="index.js" path="/Users/franco/Code/auth0/auth0-analytics.js/src/index.js">
        <metrics statements="24" coveredstatements="7" conditionals="18" coveredconditionals="4" methods="5" coveredmethods="2"/>
        <line num="4" count="1" type="stmt"/>
        <line num="13" count="15" type="cond" truecount="2" falsecount="0"/>
        <line num="15" count="12" type="stmt"/>
        <line num="19" count="4" type="cond" truecount="1" falsecount="1"/>
        <line num="21" count="4" type="stmt"/>
        <line num="22" count="0" type="cond" truecount="0" falsecount="6"/>
        <line num="23" count="0" type="stmt"/>
        <line num="25" count="0" type="cond" truecount="0" falsecount="2"/>
        <line num="26" count="0" type="stmt"/>
        <line num="40" count="0" type="cond" truecount="0" falsecount="2"/>
        <line num="41" count="0" type="stmt"/>
        <line num="44" count="0" type="cond" truecount="0" falsecount="2"/>
        <line num="45" count="0" type="stmt"/>
        <line num="48" count="0" type="stmt"/>
        <line num="50" count="0" type="stmt"/>
        <line num="56" count="0" type="stmt"/>
        <line num="59" count="1" type="cond" truecount="1" falsecount="1"/>
        <line num="60" count="0" type="stmt"/>
        <line num="61" count="0" type="stmt"/>
        <line num="62" count="0" type="stmt"/>
        <line num="63" count="0" type="stmt"/>
        <line num="64" count="0" type="stmt"/>
        <line num="67" count="0" type="stmt"/>
        <line num="70" count="1" type="stmt"/>
      </file>
    </metrics>
  </project>
</coverage>
