{"/Users/franco/Code/auth0/auth0-analytics.js/src/index.js": {"path":"/Users/franco/Code/auth0/auth0-analytics.js/src/index.js","statementMap":{"0":{"start":{"line":4,"column":20},"end":{"line":8,"column":1}},"1":{"start":{"line":13,"column":2},"end":{"line":13,"column":83}},"2":{"start":{"line":13,"column":32},"end":{"line":13,"column":83}},"3":{"start":{"line":15,"column":2},"end":{"line":15,"column":47}},"4":{"start":{"line":19,"column":2},"end":{"line":19,"column":44}},"5":{"start":{"line":19,"column":37},"end":{"line":19,"column":44}},"6":{"start":{"line":21,"column":2},"end":{"line":27,"column":5}},"7":{"start":{"line":22,"column":4},"end":{"line":24,"column":5}},"8":{"start":{"line":23,"column":6},"end":{"line":23,"column":54}},"9":{"start":{"line":25,"column":20},"end":{"line":25,"column":45}},"10":{"start":{"line":26,"column":4},"end":{"line":26,"column":31}},"11":{"start":{"line":40,"column":2},"end":{"line":42,"column":3}},"12":{"start":{"line":41,"column":4},"end":{"line":41,"column":84}},"13":{"start":{"line":44,"column":2},"end":{"line":46,"column":3}},"14":{"start":{"line":45,"column":4},"end":{"line":45,"column":59}},"15":{"start":{"line":48,"column":2},"end":{"line":48,"column":55}},"16":{"start":{"line":50,"column":19},"end":{"line":54,"column":3}},"17":{"start":{"line":56,"column":2},"end":{"line":56,"column":50}},"18":{"start":{"line":59,"column":0},"end":{"line":68,"column":1}},"19":{"start":{"line":60,"column":18},"end":{"line":60,"column":37}},"20":{"start":{"line":61,"column":2},"end":{"line":65,"column":4}},"21":{"start":{"line":62,"column":15},"end":{"line":62,"column":59}},"22":{"start":{"line":63,"column":4},"end":{"line":63,"column":15}},"23":{"start":{"line":64,"column":4},"end":{"line":64,"column":16}},"24":{"start":{"line":67,"column":2},"end":{"line":67,"column":34}},"25":{"start":{"line":70,"column":0},"end":{"line":74,"column":1}}},"fnMap":{"0":{"name":"eventIsAvailable","decl":{"start":{"line":12,"column":9},"end":{"line":12,"column":25}},"loc":{"start":{"line":12,"column":38},"end":{"line":16,"column":1}},"line":12},"1":{"name":"setupEvent","decl":{"start":{"line":18,"column":9},"end":{"line":18,"column":19}},"loc":{"start":{"line":18,"column":32},"end":{"line":28,"column":1}},"line":18},"2":{"name":"(anonymous_2)","decl":{"start":{"line":21,"column":16},"end":{"line":21,"column":17}},"loc":{"start":{"line":21,"column":34},"end":{"line":27,"column":3}},"line":21},"3":{"name":"init","decl":{"start":{"line":39,"column":9},"end":{"line":39,"column":13}},"loc":{"start":{"line":39,"column":20},"end":{"line":57,"column":1}},"line":39},"4":{"name":"(anonymous_4)","decl":{"start":{"line":61,"column":14},"end":{"line":61,"column":15}},"loc":{"start":{"line":61,"column":25},"end":{"line":65,"column":3}},"line":61}},"branchMap":{"0":{"loc":{"start":{"line":13,"column":2},"end":{"line":13,"column":83}},"type":"if","locations":[{"start":{"line":13,"column":2},"end":{"line":13,"column":83}},{"start":{"line":13,"column":2},"end":{"line":13,"column":83}}],"line":13},"1":{"loc":{"start":{"line":19,"column":2},"end":{"line":19,"column":44}},"type":"if","locations":[{"start":{"line":19,"column":2},"end":{"line":19,"column":44}},{"start":{"line":19,"column":2},"end":{"line":19,"column":44}}],"line":19},"2":{"loc":{"start":{"line":22,"column":4},"end":{"line":24,"column":5}},"type":"if","locations":[{"start":{"line":22,"column":4},"end":{"line":24,"column":5}},{"start":{"line":22,"column":4},"end":{"line":24,"column":5}}],"line":22},"3":{"loc":{"start":{"line":22,"column":8},"end":{"line":22,"column":99}},"type":"binary-expr","locations":[{"start":{"line":22,"column":8},"end":{"line":22,"column":32}},{"start":{"line":22,"column":36},"end":{"line":22,"column":43}},{"start":{"line":22,"column":47},"end":{"line":22,"column":69}},{"start":{"line":22,"column":73},"end":{"line":22,"column":99}}],"line":22},"4":{"loc":{"start":{"line":25,"column":20},"end":{"line":25,"column":45}},"type":"binary-expr","locations":[{"start":{"line":25,"column":20},"end":{"line":25,"column":37}},{"start":{"line":25,"column":41},"end":{"line":25,"column":45}}],"line":25},"5":{"loc":{"start":{"line":40,"column":2},"end":{"line":42,"column":3}},"type":"if","locations":[{"start":{"line":40,"column":2},"end":{"line":42,"column":3}},{"start":{"line":40,"column":2},"end":{"line":42,"column":3}}],"line":40},"6":{"loc":{"start":{"line":44,"column":2},"end":{"line":46,"column":3}},"type":"if","locations":[{"start":{"line":44,"column":2},"end":{"line":46,"column":3}},{"start":{"line":44,"column":2},"end":{"line":46,"column":3}}],"line":44},"7":{"loc":{"start":{"line":59,"column":0},"end":{"line":68,"column":1}},"type":"if","locations":[{"start":{"line":59,"column":0},"end":{"line":68,"column":1}},{"start":{"line":59,"column":0},"end":{"line":68,"column":1}}],"line":59}},"s":{"0":1,"1":15,"2":3,"3":12,"4":4,"5":0,"6":4,"7":0,"8":0,"9":0,"10":0,"11":0,"12":0,"13":0,"14":0,"15":0,"16":0,"17":0,"18":1,"19":0,"20":0,"21":0,"22":0,"23":0,"24":0,"25":1},"f":{"0":15,"1":4,"2":0,"3":0,"4":0},"b":{"0":[3,12],"1":[0,4],"2":[0,0],"3":[0,0,0,0],"4":[0,0],"5":[0,0],"6":[0,0],"7":[0,1]},"_coverageSchema":"332fd63041d2c1bcb487cc26dd0d5f7d97098a6c","hash":"11f7de9d7944603cbd991cc76519ce34ca1db703"}
}
