TN:
SF:/Users/franco/Code/auth0/auth0-analytics.js/src/index.js
FN:12,eventIsAvailable
FN:18,setupEvent
FN:21,(anonymous_2)
FN:39,init
FN:61,(anonymous_4)
FNF:5
FNH:2
FNDA:15,eventIsAvailable
FNDA:4,setupEvent
FNDA:0,(anonymous_2)
FNDA:0,init
FNDA:0,(anonymous_4)
DA:4,1
DA:13,15
DA:15,12
DA:19,4
DA:21,4
DA:22,0
DA:23,0
DA:25,0
DA:26,0
DA:40,0
DA:41,0
DA:44,0
DA:45,0
DA:48,0
DA:50,0
DA:56,0
DA:59,1
DA:60,0
DA:61,0
DA:62,0
DA:63,0
DA:64,0
DA:67,0
DA:70,1
LF:24
LH:7
BRDA:13,0,0,3
BRDA:13,0,1,12
BRDA:19,1,0,0
BRDA:19,1,1,4
BRDA:22,2,0,0
BRDA:22,2,1,0
BRDA:22,3,0,0
BRDA:22,3,1,0
BRDA:22,3,2,0
BRDA:22,3,3,0
BRDA:25,4,0,0
BRDA:25,4,1,0
BRDA:40,5,0,0
BRDA:40,5,1,0
BRDA:44,6,0,0
BRDA:44,6,1,0
BRDA:59,7,0,0
BRDA:59,7,1,1
BRF:18
BRH:4
end_of_record
